gcc -std=c99 -Wall -Wconversion -Wtype-limits -pedantic -Werror -O2 -g src/*.c pruebas_chanutron.o -o pruebas_chanutron
valgrind --leak-check=full --track-origins=yes --show-reachable=yes --error-exitcode=2 --show-leak-kinds=all --trace-children=yes ./pruebas_chanutron
==132503== Memcheck, a memory error detector
==132503== Copyright (C) 2002-2017, and GNU GPL'd, by Julian Seward et al.
==132503== Using Valgrind-3.18.1 and LibVEX; rerun with -h for copyright info
==132503== Command: ./pruebas_chanutron
==132503== 
[33;1m
Pruebas de creación de ABB
===========================[37;1m
[32;1m✓ [37;1mSe puede crear un abb
[32;1m✓ [37;1mEl abb se crea vacío
[32;1m✓ [37;1mLa cantidad de elementos es cero
[32;1m✓ [37;1mEl elemento raíz es NULL
==132510== 
==132510== HEAP SUMMARY:
==132510==     in use at exit: 0 bytes in 0 blocks
==132510==   total heap usage: 2 allocs, 2 frees, 4,120 bytes allocated
==132510== 
==132510== All heap blocks were freed -- no leaks are possible
==132510== 
==132510== For lists of detected and suppressed errors, rerun with: -s
==132510== ERROR SUMMARY: 0 errors from 0 contexts (suppressed: 0 from 0)
[33;1m
Pruebas de inserción
=====================[37;1m
[32;1m✓ [37;1mPuedo insertar un elemento en el abb.
[32;1m✓ [37;1mEl elemento queda como valor raíz
[32;1m✓ [37;1mEl abb ya no está vacío.
[32;1m✓ [37;1mLa cantidad de elementos es 1
[32;1m✓ [37;1mPuedo insertar un elemento menor que el primero.
[32;1m✓ [37;1mEl abb queda con un hijo izquierdo y sin hijo derecho.
[32;1m✓ [37;1mEl elemento queda a la izquierda de la raíz.
[32;1m✓ [37;1mLa cantidad de elementos es 2
[32;1m✓ [37;1mPuedo insertar un elemento mayor que el primero.
[32;1m✓ [37;1mEl abb queda con un hijo izquierdo y un hijo derecho.
[32;1m✓ [37;1mEl elemento queda a la derecha de la raíz.
[32;1m✓ [37;1mLa cantidad de elementos es 3
[32;1m✓ [37;1mLos tres elementos se encuentran en las posiciones esperadas.
[32;1m✓ [37;1mPuedo insertar un elemento menor a los que estaban.
[32;1m✓ [37;1mEl hijo izquierdo del raíz ahora tiene un hijo izquierdo.
[32;1m✓ [37;1mEl elemento tiene el valor esperado.
[32;1m✓ [37;1mLa cantidad de elementos es 4
[32;1m✓ [37;1mPuedo insertar un elemento mayor a los que estaban.
[32;1m✓ [37;1mEl hijo derecho del raíz ahora tiene un hijo derecho.
[32;1m✓ [37;1mEl elemento tiene el valor esperado.
[32;1m✓ [37;1mLa cantidad de elementos es 5
==132511== 
==132511== HEAP SUMMARY:
==132511==     in use at exit: 0 bytes in 0 blocks
==132511==   total heap usage: 7 allocs, 7 frees, 4,240 bytes allocated
==132511== 
==132511== All heap blocks were freed -- no leaks are possible
==132511== 
==132511== For lists of detected and suppressed errors, rerun with: -s
==132511== ERROR SUMMARY: 0 errors from 0 contexts (suppressed: 0 from 0)
[33;1m
Pruebas de búsqueda
====================[37;1m
[32;1m✓ [37;1mBusco un elemento existente y lo encuentro
[32;1m✓ [37;1mBusco un elemento existente y lo encuentro
[32;1m✓ [37;1mBusco un elemento existente y lo encuentro
[32;1m✓ [37;1mBusco un elemento existente y lo encuentro
[32;1m✓ [37;1mBusco un elemento existente y lo encuentro
[32;1m✓ [37;1mBusco un elemento existente y lo encuentro
[32;1m✓ [37;1mBusco un elemento existente y lo encuentro
[32;1m✓ [37;1mBusco un elemento existente y lo encuentro
[32;1m✓ [37;1mBusco un elemento existente y lo encuentro
[32;1m✓ [37;1mBusco un elemento existente y lo encuentro
[32;1m✓ [37;1mBuscar un elemento inexistente devuelve NULL.
==132512== 
==132512== HEAP SUMMARY:
==132512==     in use at exit: 0 bytes in 0 blocks
==132512==   total heap usage: 12 allocs, 12 frees, 4,360 bytes allocated
==132512== 
==132512== All heap blocks were freed -- no leaks are possible
==132512== 
==132512== For lists of detected and suppressed errors, rerun with: -s
==132512== ERROR SUMMARY: 0 errors from 0 contexts (suppressed: 0 from 0)
[33;1m
Pruebas de borrado
==================[37;1m
[32;1m✓ [37;1mPuedo borrar un nodo hoja
[32;1m✓ [37;1mEl nodo eliminado no existe mas.
[32;1m✓ [37;1mLa cantidad de elementos es 6
[32;1m✓ [37;1mPuedo borrar un nodo no hoja con un hijo.
[32;1m✓ [37;1mEl nodo que queda en su lugar es el nodo hijo.
[32;1m✓ [37;1mLa cantidad de elementos es 5
[32;1m✓ [37;1mPuedo borrar un nodo con dos hijos.
[32;1m✓ [37;1mEl nodo que queda en su lugar es el predecesor inorden ¯\_(ツ)_/¯ .
[32;1m✓ [37;1mPuedo borrar el nodo raíz (con dos hijos).
[32;1m✓ [37;1mEl nodo que queda en su lugar es el predecesor inorden ¯\_(ツ)_/¯ .
[32;1m✓ [37;1mLa cantidad de elementos es 3
[32;1m✓ [37;1mA la izquierda de la raíz queda el elemento esperado.
[32;1m✓ [37;1mA la derecha de la raíz queda el elemento esperado.
[32;1m✓ [37;1mPuedo borrar el nodo raíz (con un hijo).
[32;1m✓ [37;1mEl nodo que queda en su lugar es el unico hijo.
[32;1m✓ [37;1mA la izquierda de la raíz queda el elemento esperado.
[32;1m✓ [37;1mA la derecha de la raíz queda el elemento esperado.
[32;1m✓ [37;1mPuedo borrar otro nodo hoja.
[32;1m✓ [37;1mA la izquierda de la raíz queda el elemento esperado.
[32;1m✓ [37;1mA la derecha de la raíz queda el elemento esperado.
[32;1m✓ [37;1mPuedo borrar el nodo raíz (sin hijos).
[32;1m✓ [37;1mLa cantidad de elementos es 0
[32;1m✓ [37;1mNo queda nadie en la raíz, abb vacío.
[32;1m✓ [37;1mLa funcion abb_vacio devuelve true.
==132513== 
==132513== HEAP SUMMARY:
==132513==     in use at exit: 0 bytes in 0 blocks
==132513==   total heap usage: 9 allocs, 9 frees, 4,288 bytes allocated
==132513== 
==132513== All heap blocks were freed -- no leaks are possible
==132513== 
==132513== For lists of detected and suppressed errors, rerun with: -s
==132513== ERROR SUMMARY: 0 errors from 0 contexts (suppressed: 0 from 0)
[33;1m
Pruebas de borrado (siempre borra la raíz)
===========================================[37;1m
[32;1m✓ [37;1mPuedo borrar la raíz del abb.
[32;1m✓ [37;1mEl elemento que queda en la raíz es el predecesor inorden ¯\_(ツ)_/¯ .
[32;1m✓ [37;1mPuedo borrar la raíz del abb.
[32;1m✓ [37;1mEl elemento que queda en la raíz es el predecesor inorden ¯\_(ツ)_/¯ .
[32;1m✓ [37;1mPuedo borrar la raíz del abb.
[32;1m✓ [37;1mEl elemento que queda en la raíz es el predecesor inorden ¯\_(ツ)_/¯ .
[32;1m✓ [37;1mLa cantidad de elementos es 7
[32;1m✓ [37;1mPude eliminar todos los elementos restantes del abb siempre borrando la raíz.
[32;1m✓ [37;1mEl abb queda vacío.
==132514== 
==132514== HEAP SUMMARY:
==132514==     in use at exit: 0 bytes in 0 blocks
==132514==   total heap usage: 12 allocs, 12 frees, 4,360 bytes allocated
==132514== 
==132514== All heap blocks were freed -- no leaks are possible
==132514== 
==132514== For lists of detected and suppressed errors, rerun with: -s
==132514== ERROR SUMMARY: 0 errors from 0 contexts (suppressed: 0 from 0)
[33;1m
Pruebas de insertar/eliminar/buscar
===================================[37;1m
[32;1m✓ [37;1mBorro la raiz del abb.
[32;1m✓ [37;1mEl elemento no existe mas en el abb.
[32;1m✓ [37;1mPuedo volver a insertar el elemento.
[32;1m✓ [37;1mEl elemento existe en el abb y puedo buscarlo.
[32;1m✓ [37;1mBorro la raiz del abb.
[32;1m✓ [37;1mEl elemento no existe mas en el abb.
[32;1m✓ [37;1mPuedo volver a insertar el elemento.
[32;1m✓ [37;1mEl elemento existe en el abb y puedo buscarlo.
[32;1m✓ [37;1mBorro la raiz del abb.
[32;1m✓ [37;1mEl elemento no existe mas en el abb.
[32;1m✓ [37;1mPuedo volver a insertar el elemento.
[32;1m✓ [37;1mEl elemento existe en el abb y puedo buscarlo.
[32;1m✓ [37;1mBorro la raiz del abb.
[32;1m✓ [37;1mEl elemento no existe mas en el abb.
[32;1m✓ [37;1mPuedo volver a insertar el elemento.
[32;1m✓ [37;1mEl elemento existe en el abb y puedo buscarlo.
[32;1m✓ [37;1mBorro la raiz del abb.
[32;1m✓ [37;1mEl elemento no existe mas en el abb.
[32;1m✓ [37;1mPuedo volver a insertar el elemento.
[32;1m✓ [37;1mEl elemento existe en el abb y puedo buscarlo.
[32;1m✓ [37;1mSe puede eliminar todos los elementos del abb sin problemas.
[32;1m✓ [37;1mEl abb queda vacío.
[32;1m✓ [37;1mSe pueden volver a insertar elementos en el abb.
[32;1m✓ [37;1mBusco un elemento y lo encuentro
[32;1m✓ [37;1mBusco un elemento y lo encuentro
[32;1m✓ [37;1mBusco un elemento y lo encuentro
==132515== 
==132515== HEAP SUMMARY:
==132515==     in use at exit: 0 bytes in 0 blocks
==132515==   total heap usage: 27 allocs, 27 frees, 4,720 bytes allocated
==132515== 
==132515== All heap blocks were freed -- no leaks are possible
==132515== 
==132515== For lists of detected and suppressed errors, rerun with: -s
==132515== ERROR SUMMARY: 0 errors from 0 contexts (suppressed: 0 from 0)
[33;1m
Pruebas de destructor
=====================[37;1m
[32;1m✓ [37;1mLuego de llamar a abb_destruir_todo, se invoca el destructor la cantidad de veces correcta.
[32;1m✓ [37;1mEl destructor fue invocado sobre los elementos correctos
==132516== 
==132516== HEAP SUMMARY:
==132516==     in use at exit: 0 bytes in 0 blocks
==132516==   total heap usage: 14 allocs, 14 frees, 4,408 bytes allocated
==132516== 
==132516== All heap blocks were freed -- no leaks are possible
==132516== 
==132516== For lists of detected and suppressed errors, rerun with: -s
==132516== ERROR SUMMARY: 0 errors from 0 contexts (suppressed: 0 from 0)
[33;1m
Pruebas de recorridos e iterador interno
========================================[37;1m
[33;1m
Recorrido inorden
=================[37;1m
[31;1m✗ [37;1mLa función de recorrido devuelve la cantidad de elementos esperados
[31;1m✗ [37;1mLos elementos en el vector tienen el orden esperado.
[31;1m✗ [37;1mPido recorrer menos elementos de los existentes para hacer el recorrido.
[31;1m✗ [37;1mLos elementos en el vector tienen el orden y cantidad esperado.
[31;1m✗ [37;1mPido recorrer mas elementos de los existentes para hacer el recorrido.
[31;1m✗ [37;1mLos elementos en el vector tienen el orden y cantidad esperado.
[33;1m
Recorrido preorden
==================[37;1m
[31;1m✗ [37;1mLa función de recorrido devuelve la cantidad de elementos esperados
[31;1m✗ [37;1mLos elementos en el vector tienen el orden esperado.
[31;1m✗ [37;1mPido recorrer menos elementos de los existentes para hacer el recorrido.
[31;1m✗ [37;1mLos elementos en el vector tienen el orden y cantidad esperado.
[31;1m✗ [37;1mPido recorrer mas elementos de los existentes para hacer el recorrido.
[31;1m✗ [37;1mLos elementos en el vector tienen el orden y cantidad esperado.
[33;1m
Recorrido postorden
===================[37;1m
[31;1m✗ [37;1mLa función de recorrido devuelve la cantidad de elementos esperados
[31;1m✗ [37;1mLos elementos en el vector tienen el orden esperado.
[31;1m✗ [37;1mPido recorrer menos elementos de los existentes para hacer el recorrido.
[31;1m✗ [37;1mLos elementos en el vector tienen el orden y cantidad esperado.
[31;1m✗ [37;1mPido recorrer mas elementos de los existentes para hacer el recorrido.
[31;1m✗ [37;1mLos elementos en el vector tienen el orden y cantidad esperado.
[33;1m
Iterador interno inorden
========================[37;1m
[31;1m✗ [37;1mEl iterador interno devuelve la cantidad de elementos que se esperaba iterar.
[31;1m✗ [37;1mSe invocó la función la cantidad de veces esperada.
[31;1m✗ [37;1mSe recorrieron las claves en el orden esperado.
[31;1m✗ [37;1mCuando la función devuelve false, deja de iterar y devuelve la cantidad correcta.
[31;1m✗ [37;1mSe invocó la función de iteracion la cantidad de veces esperada.
[33;1m
Iterador interno preorden
=========================[37;1m
[31;1m✗ [37;1mEl iterador interno devuelve la cantidad de elementos que se esperaba iterar.
[31;1m✗ [37;1mSe invocó la función la cantidad de veces esperada.
[31;1m✗ [37;1mSe recorrieron las claves en el orden esperado.
[31;1m✗ [37;1mCuando la función devuelve false, deja de iterar y devuelve la cantidad correcta.
[31;1m✗ [37;1mSe invocó la función de iteracion la cantidad de veces esperada.
[33;1m
Iterador interno postorden
==========================[37;1m
[31;1m✗ [37;1mEl iterador interno devuelve la cantidad de elementos que se esperaba iterar.
[31;1m✗ [37;1mSe invocó la función la cantidad de veces esperada.
[31;1m✗ [37;1mSe recorrieron las claves en el orden esperado.
[31;1m✗ [37;1mCuando la función devuelve false, deja de iterar y devuelve la cantidad correcta.
[31;1m✗ [37;1mSe invocó la función de iteracion la cantidad de veces esperada.
==132524== 
==132524== HEAP SUMMARY:
==132524==     in use at exit: 0 bytes in 0 blocks
==132524==   total heap usage: 14 allocs, 14 frees, 4,408 bytes allocated
==132524== 
==132524== All heap blocks were freed -- no leaks are possible
==132524== 
==132524== For lists of detected and suppressed errors, rerun with: -s
==132524== ERROR SUMMARY: 0 errors from 0 contexts (suppressed: 0 from 0)
[33;1m
Pruebas con NULL
================[37;1m
[32;1m✓ [37;1mNo puedo insertar nada en un abb nulo.
[32;1m✓ [37;1mNo puedo buscar nada en un abb nulo.
[32;1m✓ [37;1mNo puedo borrar nada de en un abb nulo.
[32;1m✓ [37;1mUn abb nulo es vacío.
[32;1m✓ [37;1mLa cantidad de elementos de un abb NULL es 0
[32;1m✓ [37;1mNo puedo iterar un abb nulo.
[32;1m✓ [37;1mNo puedo iterar con una funcion nula.
[31;1m✗ [37;1mPuedo iterar con puntero extra nulo.
[32;1m✓ [37;1mPuedo insertar elementos null sin problemas
[32;1m✓ [37;1mPuedo insertar elementos null sin problemas
[32;1m✓ [37;1mPuedo insertar elementos null sin problemas
==132529== 
==132529== HEAP SUMMARY:
==132529==     in use at exit: 0 bytes in 0 blocks
==132529==   total heap usage: 16 allocs, 16 frees, 4,456 bytes allocated
==132529== 
==132529== All heap blocks were freed -- no leaks are possible
==132529== 
==132529== For lists of detected and suppressed errors, rerun with: -s
==132529== ERROR SUMMARY: 0 errors from 0 contexts (suppressed: 0 from 0)
[33;1m
------------ MÁS PRUEBAS DEL TDA ABB ------------
==================================================[37;1m
[33;1m
PRUEBAS DE CREACIÓN Y DESTRUCCIÓN
===================================[37;1m
[33;1m
Destrucción de abbs NULL
=========================[37;1m
[32;1m✓ [37;1mSe está por probar si es posible destruir un abb nulo.
[32;1m✓ [37;1mSe está por probar si es posible destruir un abb nulo con un destructor válido.
==132531== 
==132531== HEAP SUMMARY:
==132531==     in use at exit: 0 bytes in 0 blocks
==132531==   total heap usage: 1 allocs, 1 frees, 4,096 bytes allocated
==132531== 
==132531== All heap blocks were freed -- no leaks are possible
==132531== 
==132531== For lists of detected and suppressed errors, rerun with: -s
==132531== ERROR SUMMARY: 0 errors from 0 contexts (suppressed: 0 from 0)
[33;1m
Creación de abbs con comparador válido e inválido
====================================================[37;1m
[32;1m✓ [37;1mSe crea el abb.
[32;1m✓ [37;1mEl abb se crea vacío.
[32;1m✓ [37;1mEl tamaño de un abb recién creado es 0.
[32;1m✓ [37;1mSe está por probar si es posible destruir un abb vacío.
[32;1m✓ [37;1mSe crea otro abb.
[32;1m✓ [37;1mSe está por probar si es posible destruir este abb vacío con un destructor nulo.
[32;1m✓ [37;1mNo es posible crear un abb con un comparador nulo.
==132532== 
==132532== HEAP SUMMARY:
==132532==     in use at exit: 0 bytes in 0 blocks
==132532==   total heap usage: 3 allocs, 3 frees, 4,144 bytes allocated
==132532== 
==132532== All heap blocks were freed -- no leaks are possible
==132532== 
==132532== For lists of detected and suppressed errors, rerun with: -s
==132532== ERROR SUMMARY: 0 errors from 0 contexts (suppressed: 0 from 0)
==132530== 
==132530== HEAP SUMMARY:
==132530==     in use at exit: 0 bytes in 0 blocks
==132530==   total heap usage: 1 allocs, 1 frees, 4,096 bytes allocated
==132530== 
==132530== All heap blocks were freed -- no leaks are possible
==132530== 
==132530== For lists of detected and suppressed errors, rerun with: -s
==132530== ERROR SUMMARY: 0 errors from 0 contexts (suppressed: 0 from 0)
[33;1m
PRUEBAS DE INSERCIÓN
=====================[37;1m
[33;1m
Inserción en abb nulo
======================[37;1m
[32;1m✓ [37;1mAl intentar insertar en un abb nulo, se devuelve NULL
==132534== 
==132534== HEAP SUMMARY:
==132534==     in use at exit: 0 bytes in 0 blocks
==132534==   total heap usage: 1 allocs, 1 frees, 4,096 bytes allocated
==132534== 
==132534== All heap blocks were freed -- no leaks are possible
==132534== 
==132534== For lists of detected and suppressed errors, rerun with: -s
==132534== ERROR SUMMARY: 0 errors from 0 contexts (suppressed: 0 from 0)
[33;1m
Inserciones en abb válido
==========================[37;1m
[32;1m✓ [37;1mEs posible insertar un elemento nulo en un abb válido
[32;1m✓ [37;1mEl abb no está vacío
[32;1m✓ [37;1mEl abb posee un elemento
[32;1m✓ [37;1mEs posible insertar un elemento no nulo en un abb válido
[32;1m✓ [37;1mEl abb no está vacío
[32;1m✓ [37;1mEl abb posee un elemento
[32;1m✓ [37;1mEs posible insertar un elemento que vive en el heap en un abb válido
[32;1m✓ [37;1mEl abb no está vacío
[32;1m✓ [37;1mEl abb posee un elemento
[32;1m✓ [37;1mEs posible insertar un elemento en un abb válido
[32;1m✓ [37;1mEs posible insertar otro elemento
[32;1m✓ [37;1mEs posible insertar otro elemento
[32;1m✓ [37;1mEl abb no está vacío
[32;1m✓ [37;1mEl abb posee tres elemento
[32;1m✓ [37;1mSe crea un nuevo arbol y se insertan 500 elementos.El abb no está vacío
[32;1m✓ [37;1mEl abb no está vacío
[32;1m✓ [37;1mEs posible insertar un elemento en un abb válido
[32;1m✓ [37;1mEs posible insertar otro elemento 
[32;1m✓ [37;1mEs posible insertar un elemento repetido en el abb
[32;1m✓ [37;1mEl abb no está vacío
[32;1m✓ [37;1mEl abb posee tres elemento
==132535== 
==132535== HEAP SUMMARY:
==132535==     in use at exit: 0 bytes in 0 blocks
==132535==   total heap usage: 517 allocs, 517 frees, 16,460 bytes allocated
==132535== 
==132535== All heap blocks were freed -- no leaks are possible
==132535== 
==132535== For lists of detected and suppressed errors, rerun with: -s
==132535== ERROR SUMMARY: 0 errors from 0 contexts (suppressed: 0 from 0)
==132533== 
==132533== HEAP SUMMARY:
==132533==     in use at exit: 0 bytes in 0 blocks
==132533==   total heap usage: 1 allocs, 1 frees, 4,096 bytes allocated
==132533== 
==132533== All heap blocks were freed -- no leaks are possible
==132533== 
==132533== For lists of detected and suppressed errors, rerun with: -s
==132533== ERROR SUMMARY: 0 errors from 0 contexts (suppressed: 0 from 0)
[33;1m
PRUEBAS DE BÚSQUEDA
====================[37;1m
[33;1m
Búsqueda en abb nulo
=====================[37;1m
[32;1m✓ [37;1mBuscar un elemento válido en un abb nulo devuelve NULL.
==132537== 
==132537== HEAP SUMMARY:
==132537==     in use at exit: 0 bytes in 0 blocks
==132537==   total heap usage: 1 allocs, 1 frees, 4,096 bytes allocated
==132537== 
==132537== All heap blocks were freed -- no leaks are possible
==132537== 
==132537== For lists of detected and suppressed errors, rerun with: -s
==132537== ERROR SUMMARY: 0 errors from 0 contexts (suppressed: 0 from 0)
[33;1m
Búsqueda de elementos existentes e inexistentes en abb válido
===============================================================[37;1m
[32;1m✓ [37;1mSe encontró el elemento buscado.
[32;1m✓ [37;1mSe buscó un elemento inexistente en un abb y se devolvió NULL.
==132538== 
==132538== HEAP SUMMARY:
==132538==     in use at exit: 0 bytes in 0 blocks
==132538==   total heap usage: 4 allocs, 4 frees, 4,168 bytes allocated
==132538== 
==132538== All heap blocks were freed -- no leaks are possible
==132538== 
==132538== For lists of detected and suppressed errors, rerun with: -s
==132538== ERROR SUMMARY: 0 errors from 0 contexts (suppressed: 0 from 0)
[33;1m
Pruebas mixtas de búsqueda
===========================[37;1m
[32;1m✓ [37;1mSe creó un abb y se insertó un elemento. Se encuentra ese elemento.
[32;1m✓ [37;1mSe insertan múltiples elementos, algunos repetidos.
[32;1m✓ [37;1mSe busca un elemento que no se encuentra en el abb y se devuelve NULL.
[32;1m✓ [37;1mSe busca uno de los elementos repetidos en el abb y se lo encuentra.
[32;1m✓ [37;1mSe eliminan elementos del abb.
[32;1m✓ [37;1mSe busca un elemento que continúa en el abb y se lo encuentra
[32;1m✓ [37;1mSe busca un elemento que ya no se encuentra en el abb y se devuelve NULL.
==132539== 
==132539== HEAP SUMMARY:
==132539==     in use at exit: 0 bytes in 0 blocks
==132539==   total heap usage: 6 allocs, 6 frees, 4,216 bytes allocated
==132539== 
==132539== All heap blocks were freed -- no leaks are possible
==132539== 
==132539== For lists of detected and suppressed errors, rerun with: -s
==132539== ERROR SUMMARY: 0 errors from 0 contexts (suppressed: 0 from 0)
==132536== 
==132536== HEAP SUMMARY:
==132536==     in use at exit: 0 bytes in 0 blocks
==132536==   total heap usage: 1 allocs, 1 frees, 4,096 bytes allocated
==132536== 
==132536== All heap blocks were freed -- no leaks are possible
==132536== 
==132536== For lists of detected and suppressed errors, rerun with: -s
==132536== ERROR SUMMARY: 0 errors from 0 contexts (suppressed: 0 from 0)
[33;1m
PRUEBAS DE ELIMINACIÓN
=======================[37;1m
[33;1m
Eliminación en abb nulo
========================[37;1m
[32;1m✓ [37;1mNo se puede eliminar de un abb nulo
==132541== 
==132541== HEAP SUMMARY:
==132541==     in use at exit: 0 bytes in 0 blocks
==132541==   total heap usage: 1 allocs, 1 frees, 4,096 bytes allocated
==132541== 
==132541== All heap blocks were freed -- no leaks are possible
==132541== 
==132541== For lists of detected and suppressed errors, rerun with: -s
==132541== ERROR SUMMARY: 0 errors from 0 contexts (suppressed: 0 from 0)
[33;1m
Eliminación de elementos existentes e inexistentes en abb válido
==================================================================[37;1m
[32;1m✓ [37;1mSe tiene un abb no vacío
[32;1m✓ [37;1mEs posible eliminar el unico elemento que tiene el abb
[32;1m✓ [37;1mEl abb ahora está vacío
[32;1m✓ [37;1mSe tiene un abb no vacío
[32;1m✓ [37;1mEs posible eliminar el unico elemento que tiene el abb
[32;1m✓ [37;1mEl abb ahora está vacío
[32;1m✓ [37;1mSe tiene un abb vacío
[32;1m✓ [37;1mIntentar eliminar un elemento de un abb vacío devuelve NULL
[32;1m✓ [37;1mEl abb continúa vacío
[32;1m✓ [37;1mSe inserta un elemento en el abb. Ahora ya no está vacío
[32;1m✓ [37;1mIntentar eliminar un elemento que no se encuentra en el abb devuelve NULL
[32;1m✓ [37;1mEl abb no borró el elemento que almacenaba
==132545== 
==132545== HEAP SUMMARY:
==132545==     in use at exit: 0 bytes in 0 blocks
==132545==   total heap usage: 7 allocs, 7 frees, 4,240 bytes allocated
==132545== 
==132545== All heap blocks were freed -- no leaks are possible
==132545== 
==132545== For lists of detected and suppressed errors, rerun with: -s
==132545== ERROR SUMMARY: 0 errors from 0 contexts (suppressed: 0 from 0)
[33;1m
Eliminación de varios elementos de abbs grandes
================================================[37;1m
[32;1m✓ [37;1mTengo un nuevo abb. Su tamaño es 16
[32;1m✓ [37;1mEs posible quitar la raiz
[32;1m✓ [37;1mBusco el elemento que acabo de borrar del abb y no lo encuentro
[32;1m✓ [37;1mEl tamaño del abb ahora es 15
[32;1m✓ [37;1mEs posible quitar un elemento que solo tiene hijo izquierdo, sin nietos
[32;1m✓ [37;1mBusco el elemento que acabo de borrar del abb y no lo encuentro
[32;1m✓ [37;1mEl tamaño del abb ahora es 14
[32;1m✓ [37;1mEs posible quitar un elemento que tiene dos hijos y varios nietos
[32;1m✓ [37;1mBusco el elemento que acabo de borrar del abb y no lo encuentro
[32;1m✓ [37;1mEl tamaño del abb ahora es 13
[32;1m✓ [37;1mEs posible quitar un elemento que solo tiene hijo izquierdo, con nietos
[32;1m✓ [37;1mBusco el elemento que acabo de borrar del abb y no lo encuentro
[32;1m✓ [37;1mEl tamaño del abb ahora es 12
[32;1m✓ [37;1mEs posible quitar un elemento que solo tiene hijo dercho, con nietos
[32;1m✓ [37;1mBusco el elemento que acabo de borrar del abb y no lo encuentro
[32;1m✓ [37;1mEl tamaño del abb ahora es 11
[32;1m✓ [37;1mEs posible quitar un elemento que tiene hijo izquierdo y derecho, sin nietos
[32;1m✓ [37;1mBusco el elemento que acabo de borrar del abb y no lo encuentro
[32;1m✓ [37;1mEl tamaño del abb ahora es 10
[32;1m✓ [37;1mEs posible quitar un elemento que solo tiene hijo derecho, sin nietos
[32;1m✓ [37;1mBusco el elemento que acabo de borrar del abb y no lo encuentro
[32;1m✓ [37;1mEl tamaño del abb ahora es 9
[32;1m✓ [37;1mEs posible quitar la nueva raiz, que tiene hijos derecho e izquierdo
[32;1m✓ [37;1mBusco el elemento que acabo de borrar del abb y no lo encuentro
[32;1m✓ [37;1mEl tamaño del abb ahora es 8
[32;1m✓ [37;1mEs posible quitar un elemento que tiene hijo izquierdo y derecho, con nietos
[32;1m✓ [37;1mBusco el elemento que acabo de borrar del abb y no lo encuentro
[32;1m✓ [37;1mEl tamaño del abb ahora es 7
[32;1m✓ [37;1mEs posible quitar la nueva raiz, que no tiene hijo izquierdo, así que la reemplaza su hijo derecho
[32;1m✓ [37;1mBusco el elemento que acabo de borrar del abb y no lo encuentro
[32;1m✓ [37;1mEl tamaño del abb ahora es 6
[32;1m✓ [37;1mEs posible quitar un elemento que no tiene hijos
[32;1m✓ [37;1mBusco el elemento que acabo de borrar del abb y no lo encuentro
[32;1m✓ [37;1mEl tamaño del abb ahora es 5
==132547== 
==132547== HEAP SUMMARY:
==132547==     in use at exit: 0 bytes in 0 blocks
==132547==   total heap usage: 18 allocs, 18 frees, 4,504 bytes allocated
==132547== 
==132547== All heap blocks were freed -- no leaks are possible
==132547== 
==132547== For lists of detected and suppressed errors, rerun with: -s
==132547== ERROR SUMMARY: 0 errors from 0 contexts (suppressed: 0 from 0)
==132540== 
==132540== HEAP SUMMARY:
==132540==     in use at exit: 0 bytes in 0 blocks
==132540==   total heap usage: 1 allocs, 1 frees, 4,096 bytes allocated
==132540== 
==132540== All heap blocks were freed -- no leaks are possible
==132540== 
==132540== For lists of detected and suppressed errors, rerun with: -s
==132540== ERROR SUMMARY: 0 errors from 0 contexts (suppressed: 0 from 0)
[33;1m
PRUEBAS DEL ITERADOR
====================[37;1m
[33;1m
Iterar un abb nulo
==================[37;1m
[32;1m✓ [37;1mIterar un abb NULL de manera INORDEN devuelve 0
[32;1m✓ [37;1mIterar un abb NULL de manera PREORDEN devuelve 0
[32;1m✓ [37;1mIterar un abb NULL de manera POSTORDEN devuelve 0
==132551== 
==132551== HEAP SUMMARY:
==132551==     in use at exit: 0 bytes in 0 blocks
==132551==   total heap usage: 1 allocs, 1 frees, 4,096 bytes allocated
==132551== 
==132551== All heap blocks were freed -- no leaks are possible
==132551== 
==132551== For lists of detected and suppressed errors, rerun with: -s
==132551== ERROR SUMMARY: 0 errors from 0 contexts (suppressed: 0 from 0)
[33;1m
Iterar con una función nula
============================[37;1m
[32;1m✓ [37;1mIterar de manera INORDEN un abb válido con una función NULL devuelve 0
[32;1m✓ [37;1mIterar de manera PREORDEN un abb válido con una función NULL devuelve 0
[32;1m✓ [37;1mIterar de manera POSTORDEN un abb válido con una función NULL devuelve 0
==132552== 
==132552== HEAP SUMMARY:
==132552==     in use at exit: 0 bytes in 0 blocks
==132552==   total heap usage: 2 allocs, 2 frees, 4,120 bytes allocated
==132552== 
==132552== All heap blocks were freed -- no leaks are possible
==132552== 
==132552== For lists of detected and suppressed errors, rerun with: -s
==132552== ERROR SUMMARY: 0 errors from 0 contexts (suppressed: 0 from 0)
[33;1m
Iterar un abb válido
=====================[37;1m
[32;1m✓ [37;1mSe crea un abb.
[32;1m✓ [37;1mSe itera el abb de manera INORDEN en su totalidad con un aux nulo y se devuelve 0 correctamente
[32;1m✓ [37;1mSe itera el abb de manera PREORDEN en su totalidad con un aux nulo y se devuelve 0 correctamente
[32;1m✓ [37;1mSe itera el abb de manera POSTORDEN en su totalidad con un aux nulo y se devuelve 0 correctamente
[32;1m✓ [37;1mSe crea un abb y se insertan varios elementos.
[31;1m✗ [37;1mSe itera el abb de manera INORDEN en su totalidad con un aux nulo y se devuelve la cantidad correcta de elementos
[31;1m✗ [37;1mSe itera el abb de manera PREORDEN en su totalidad con un aux nulo y se devuelve la cantidad correcta de elementos
[31;1m✗ [37;1mSe itera el abb de manera POSTORDEN en su totalidad con un aux nulo y se devuelve la cantidad correcta de elementos
[31;1m✗ [37;1mSe itera un abb de manera INORDEN parcialmente y se devuelve la cantidad correcta.
[31;1m✗ [37;1mSe itera un abb de manera PREORDEN parcialmente y se devuelve la cantidad correcta.
[31;1m✗ [37;1mSe itera un abb de manera POSTORDEN parcialmente y se devuelve la cantidad correcta.
==132553== 
==132553== HEAP SUMMARY:
==132553==     in use at exit: 0 bytes in 0 blocks
==132553==   total heap usage: 14 allocs, 14 frees, 4,408 bytes allocated
==132553== 
==132553== All heap blocks were freed -- no leaks are possible
==132553== 
==132553== For lists of detected and suppressed errors, rerun with: -s
==132553== ERROR SUMMARY: 0 errors from 0 contexts (suppressed: 0 from 0)
==132550== 
==132550== HEAP SUMMARY:
==132550==     in use at exit: 0 bytes in 0 blocks
==132550==   total heap usage: 1 allocs, 1 frees, 4,096 bytes allocated
==132550== 
==132550== All heap blocks were freed -- no leaks are possible
==132550== 
==132550== For lists of detected and suppressed errors, rerun with: -s
==132550== ERROR SUMMARY: 0 errors from 0 contexts (suppressed: 0 from 0)
[33;1m
PRUEBAS DE RECORRIDOS CON ARRAY
===============================[37;1m
[33;1m
Recorrer un abb nulo
====================[37;1m
[32;1m✓ [37;1mSi se intenta recorrer de manera INORDEN un abb NULL, se devuelve el valor 0
[32;1m✓ [37;1mSi se intenta recorrer de manera PREORDEN un abb NULL, se devuelve el valor 0
[32;1m✓ [37;1mSi se intenta recorrer de manera POSTORDEN un abb NULL, se devuelve el valor 0
==132555== 
==132555== HEAP SUMMARY:
==132555==     in use at exit: 0 bytes in 0 blocks
==132555==   total heap usage: 2 allocs, 2 frees, 4,128 bytes allocated
==132555== 
==132555== All heap blocks were freed -- no leaks are possible
==132555== 
==132555== For lists of detected and suppressed errors, rerun with: -s
==132555== ERROR SUMMARY: 0 errors from 0 contexts (suppressed: 0 from 0)
[33;1m
Recorrer con un array nulo y con tamanio cero
=============================================[37;1m
[32;1m✓ [37;1mSi se intenta recorrer de manera INORDEN un abb válido con un array nulo, se devuelve 0
[32;1m✓ [37;1mSi se intenta recorrer de manera PREORDEN un abb válido con un array nulo, se devuelve 0
[32;1m✓ [37;1mSi se intenta recorrer de manera POSTORDEN un abb válido con un array nulo, se devuelve 0
==132556== 
==132556== HEAP SUMMARY:
==132556==     in use at exit: 0 bytes in 0 blocks
==132556==   total heap usage: 2 allocs, 2 frees, 4,120 bytes allocated
==132556== 
==132556== All heap blocks were freed -- no leaks are possible
==132556== 
==132556== For lists of detected and suppressed errors, rerun with: -s
==132556== ERROR SUMMARY: 0 errors from 0 contexts (suppressed: 0 from 0)
[33;1m
Recorrer un abb válido
=======================[37;1m
==132557== Use of uninitialised value of size 8
==132557==    at 0x114E3B: recorrer_por_completo_un_abb (in /home/krad/ABB-100030/pruebas_chanutron)
==132557==    by 0x11D0C6: pruebas_recorridos_array (in /home/krad/ABB-100030/pruebas_chanutron)
==132557==    by 0x11D5CB: pruebas_abril (in /home/krad/ABB-100030/pruebas_chanutron)
==132557==    by 0x11DC7B: main (in /home/krad/ABB-100030/pruebas_chanutron)
==132557==  Uninitialised value was created by a heap allocation
==132557==    at 0x4848899: malloc (in /usr/libexec/valgrind/vgpreload_memcheck-amd64-linux.so)
==132557==    by 0x10F57A: crear_array (in /home/krad/ABB-100030/pruebas_chanutron)
==132557==    by 0x114D0F: recorrer_por_completo_un_abb (in /home/krad/ABB-100030/pruebas_chanutron)
==132557==    by 0x11D0C6: pruebas_recorridos_array (in /home/krad/ABB-100030/pruebas_chanutron)
==132557==    by 0x11D5CB: pruebas_abril (in /home/krad/ABB-100030/pruebas_chanutron)
==132557==    by 0x11DC7B: main (in /home/krad/ABB-100030/pruebas_chanutron)
==132557== 
==132557== Invalid read of size 4
==132557==    at 0x114E3B: recorrer_por_completo_un_abb (in /home/krad/ABB-100030/pruebas_chanutron)
==132557==    by 0x11D0C6: pruebas_recorridos_array (in /home/krad/ABB-100030/pruebas_chanutron)
==132557==    by 0x11D5CB: pruebas_abril (in /home/krad/ABB-100030/pruebas_chanutron)
==132557==    by 0x11DC7B: main (in /home/krad/ABB-100030/pruebas_chanutron)
==132557==  Address 0x0 is not stack'd, malloc'd or (recently) free'd
==132557== 
[32;1m✓ [37;1mSi se intenta recorrer de manera INORDEN un abb vacío, se devuelve 0
[32;1m✓ [37;1mSi se intenta recorrer de manera PREORDEN un abb vacío, se devuelve 0
[32;1m✓ [37;1mSi se intenta recorrer de manera POSTORDEN un abb vacío, se devuelve 0
[31;1m✗ [37;1mSe recorre un abb de manera INORDEN con menos elementos que posiciones en el array, y se devuelve la cantidad correcta de elementos.
[31;1m

ERROR MIENTRAS SE EJECUTABA LA PRUEBA: [33;1m'El primer elemento en el array es el correcto'

[37;1m==132557== 
==132557== HEAP SUMMARY:
==132557==     in use at exit: 120 bytes in 5 blocks
==132557==   total heap usage: 8 allocs, 3 frees, 4,272 bytes allocated
==132557== 
==132557== 24 bytes in 1 blocks are still reachable in loss record 1 of 5
==132557==    at 0x4848899: malloc (in /usr/libexec/valgrind/vgpreload_memcheck-amd64-linux.so)
==132557==    by 0x10F57A: crear_array (in /home/krad/ABB-100030/pruebas_chanutron)
==132557==    by 0x114D0F: recorrer_por_completo_un_abb (in /home/krad/ABB-100030/pruebas_chanutron)
==132557==    by 0x11D0C6: pruebas_recorridos_array (in /home/krad/ABB-100030/pruebas_chanutron)
==132557==    by 0x11D5CB: pruebas_abril (in /home/krad/ABB-100030/pruebas_chanutron)
==132557==    by 0x11DC7B: main (in /home/krad/ABB-100030/pruebas_chanutron)
==132557== 
==132557== 24 bytes in 1 blocks are still reachable in loss record 2 of 5
==132557==    at 0x484DA83: calloc (in /usr/libexec/valgrind/vgpreload_memcheck-amd64-linux.so)
==132557==    by 0x1098DB: abb_crear (abb.c:89)
==132557==    by 0x114D22: recorrer_por_completo_un_abb (in /home/krad/ABB-100030/pruebas_chanutron)
==132557==    by 0x11D0C6: pruebas_recorridos_array (in /home/krad/ABB-100030/pruebas_chanutron)
==132557==    by 0x11D5CB: pruebas_abril (in /home/krad/ABB-100030/pruebas_chanutron)
==132557==    by 0x11DC7B: main (in /home/krad/ABB-100030/pruebas_chanutron)
==132557== 
==132557== 24 bytes in 1 blocks are still reachable in loss record 3 of 5
==132557==    at 0x484DA83: calloc (in /usr/libexec/valgrind/vgpreload_memcheck-amd64-linux.so)
==132557==    by 0x10979E: crear_nodo (abb.c:8)
==132557==    by 0x10979E: insertar_nodo (abb.c:32)
==132557==    by 0x109918: abb_insertar (abb.c:104)
==132557==    by 0x114D4E: recorrer_por_completo_un_abb (in /home/krad/ABB-100030/pruebas_chanutron)
==132557==    by 0x11D0C6: pruebas_recorridos_array (in /home/krad/ABB-100030/pruebas_chanutron)
==132557==    by 0x11D5CB: pruebas_abril (in /home/krad/ABB-100030/pruebas_chanutron)
==132557==    by 0x11DC7B: main (in /home/krad/ABB-100030/pruebas_chanutron)
==132557== 
==132557== 24 bytes in 1 blocks are still reachable in loss record 4 of 5
==132557==    at 0x484DA83: calloc (in /usr/libexec/valgrind/vgpreload_memcheck-amd64-linux.so)
==132557==    by 0x10979E: crear_nodo (abb.c:8)
==132557==    by 0x10979E: insertar_nodo (abb.c:32)
==132557==    by 0x10977E: insertar_nodo (abb.c:35)
==132557==    by 0x109918: abb_insertar (abb.c:104)
==132557==    by 0x114D61: recorrer_por_completo_un_abb (in /home/krad/ABB-100030/pruebas_chanutron)
==132557==    by 0x11D0C6: pruebas_recorridos_array (in /home/krad/ABB-100030/pruebas_chanutron)
==132557==    by 0x11D5CB: pruebas_abril (in /home/krad/ABB-100030/pruebas_chanutron)
==132557==    by 0x11DC7B: main (in /home/krad/ABB-100030/pruebas_chanutron)
==132557== 
==132557== 24 bytes in 1 blocks are still reachable in loss record 5 of 5
==132557==    at 0x484DA83: calloc (in /usr/libexec/valgrind/vgpreload_memcheck-amd64-linux.so)
==132557==    by 0x10979E: crear_nodo (abb.c:8)
==132557==    by 0x10979E: insertar_nodo (abb.c:32)
==132557==    by 0x10975E: insertar_nodo (abb.c:37)
==132557==    by 0x109918: abb_insertar (abb.c:104)
==132557==    by 0x114D74: recorrer_por_completo_un_abb (in /home/krad/ABB-100030/pruebas_chanutron)
==132557==    by 0x11D0C6: pruebas_recorridos_array (in /home/krad/ABB-100030/pruebas_chanutron)
==132557==    by 0x11D5CB: pruebas_abril (in /home/krad/ABB-100030/pruebas_chanutron)
==132557==    by 0x11DC7B: main (in /home/krad/ABB-100030/pruebas_chanutron)
==132557== 
==132557== LEAK SUMMARY:
==132557==    definitely lost: 0 bytes in 0 blocks
==132557==    indirectly lost: 0 bytes in 0 blocks
==132557==      possibly lost: 0 bytes in 0 blocks
==132557==    still reachable: 120 bytes in 5 blocks
==132557==         suppressed: 0 bytes in 0 blocks
==132557== 
==132557== For lists of detected and suppressed errors, rerun with: -s
==132557== ERROR SUMMARY: 2 errors from 2 contexts (suppressed: 0 from 0)
[33;1m
Recorrer un abb válido, modificarlo y volver a recorrerlo
==========================================================[37;1m
==132558== Use of uninitialised value of size 8
==132558==    at 0x1161DA: recorrer_array_y_agregar_elementos_al_abb (in /home/krad/ABB-100030/pruebas_chanutron)
==132558==    by 0x11D181: pruebas_recorridos_array (in /home/krad/ABB-100030/pruebas_chanutron)
==132558==    by 0x11D5CB: pruebas_abril (in /home/krad/ABB-100030/pruebas_chanutron)
==132558==    by 0x11DC7B: main (in /home/krad/ABB-100030/pruebas_chanutron)
==132558==  Uninitialised value was created by a heap allocation
==132558==    at 0x4848899: malloc (in /usr/libexec/valgrind/vgpreload_memcheck-amd64-linux.so)
==132558==    by 0x10F57A: crear_array (in /home/krad/ABB-100030/pruebas_chanutron)
==132558==    by 0x115F3C: recorrer_array_y_agregar_elementos_al_abb (in /home/krad/ABB-100030/pruebas_chanutron)
==132558==    by 0x11D181: pruebas_recorridos_array (in /home/krad/ABB-100030/pruebas_chanutron)
==132558==    by 0x11D5CB: pruebas_abril (in /home/krad/ABB-100030/pruebas_chanutron)
==132558==    by 0x11DC7B: main (in /home/krad/ABB-100030/pruebas_chanutron)
==132558== 
==132558== Invalid read of size 4
==132558==    at 0x1161DA: recorrer_array_y_agregar_elementos_al_abb (in /home/krad/ABB-100030/pruebas_chanutron)
==132558==    by 0x11D181: pruebas_recorridos_array (in /home/krad/ABB-100030/pruebas_chanutron)
==132558==    by 0x11D5CB: pruebas_abril (in /home/krad/ABB-100030/pruebas_chanutron)
==132558==    by 0x11DC7B: main (in /home/krad/ABB-100030/pruebas_chanutron)
==132558==  Address 0x0 is not stack'd, malloc'd or (recently) free'd
==132558== 
[32;1m✓ [37;1mEs posible insertar en un nuevo abb
[32;1m✓ [37;1mEl abb posee 1 elemento
[32;1m✓ [37;1mEl abb no está vacío
[31;1m✗ [37;1mSe recorre el abb y se almacena la cantidad correcta de elementos
[31;1m

ERROR MIENTRAS SE EJECUTABA LA PRUEBA: [33;1m'El elemento almacenado es el correcto'

[37;1m==132558== 
==132558== HEAP SUMMARY:
==132558==     in use at exit: 120 bytes in 3 blocks
==132558==   total heap usage: 4 allocs, 1 frees, 4,216 bytes allocated
==132558== 
==132558== 24 bytes in 1 blocks are still reachable in loss record 1 of 3
==132558==    at 0x484DA83: calloc (in /usr/libexec/valgrind/vgpreload_memcheck-amd64-linux.so)
==132558==    by 0x1098DB: abb_crear (abb.c:89)
==132558==    by 0x115EEF: recorrer_array_y_agregar_elementos_al_abb (in /home/krad/ABB-100030/pruebas_chanutron)
==132558==    by 0x11D181: pruebas_recorridos_array (in /home/krad/ABB-100030/pruebas_chanutron)
==132558==    by 0x11D5CB: pruebas_abril (in /home/krad/ABB-100030/pruebas_chanutron)
==132558==    by 0x11DC7B: main (in /home/krad/ABB-100030/pruebas_chanutron)
==132558== 
==132558== 24 bytes in 1 blocks are still reachable in loss record 2 of 3
==132558==    at 0x484DA83: calloc (in /usr/libexec/valgrind/vgpreload_memcheck-amd64-linux.so)
==132558==    by 0x10979E: crear_nodo (abb.c:8)
==132558==    by 0x10979E: insertar_nodo (abb.c:32)
==132558==    by 0x109918: abb_insertar (abb.c:104)
==132558==    by 0x115F6B: recorrer_array_y_agregar_elementos_al_abb (in /home/krad/ABB-100030/pruebas_chanutron)
==132558==    by 0x11D181: pruebas_recorridos_array (in /home/krad/ABB-100030/pruebas_chanutron)
==132558==    by 0x11D5CB: pruebas_abril (in /home/krad/ABB-100030/pruebas_chanutron)
==132558==    by 0x11DC7B: main (in /home/krad/ABB-100030/pruebas_chanutron)
==132558== 
==132558== 72 bytes in 1 blocks are still reachable in loss record 3 of 3
==132558==    at 0x4848899: malloc (in /usr/libexec/valgrind/vgpreload_memcheck-amd64-linux.so)
==132558==    by 0x10F57A: crear_array (in /home/krad/ABB-100030/pruebas_chanutron)
==132558==    by 0x115F3C: recorrer_array_y_agregar_elementos_al_abb (in /home/krad/ABB-100030/pruebas_chanutron)
==132558==    by 0x11D181: pruebas_recorridos_array (in /home/krad/ABB-100030/pruebas_chanutron)
==132558==    by 0x11D5CB: pruebas_abril (in /home/krad/ABB-100030/pruebas_chanutron)
==132558==    by 0x11DC7B: main (in /home/krad/ABB-100030/pruebas_chanutron)
==132558== 
==132558== LEAK SUMMARY:
==132558==    definitely lost: 0 bytes in 0 blocks
==132558==    indirectly lost: 0 bytes in 0 blocks
==132558==      possibly lost: 0 bytes in 0 blocks
==132558==    still reachable: 120 bytes in 3 blocks
==132558==         suppressed: 0 bytes in 0 blocks
==132558== 
==132558== For lists of detected and suppressed errors, rerun with: -s
==132558== ERROR SUMMARY: 2 errors from 2 contexts (suppressed: 0 from 0)
==132554== 
==132554== HEAP SUMMARY:
==132554==     in use at exit: 0 bytes in 0 blocks
==132554==   total heap usage: 1 allocs, 1 frees, 4,096 bytes allocated
==132554== 
==132554== All heap blocks were freed -- no leaks are possible
==132554== 
==132554== For lists of detected and suppressed errors, rerun with: -s
==132554== ERROR SUMMARY: 0 errors from 0 contexts (suppressed: 0 from 0)
[37;1m
---------------------------------
260 pruebas corridas, 42 errores - D:
[0m==132503== 
==132503== HEAP SUMMARY:
==132503==     in use at exit: 0 bytes in 0 blocks
==132503==   total heap usage: 1 allocs, 1 frees, 4,096 bytes allocated
==132503== 
==132503== All heap blocks were freed -- no leaks are possible
==132503== 
==132503== For lists of detected and suppressed errors, rerun with: -s
==132503== ERROR SUMMARY: 0 errors from 0 contexts (suppressed: 0 from 0)
make: *** [makefile:8: valgrind-chanutron] Error 2
